-0.155158   -0.0275328   0.0634938
-0.386036   0.103209   0.389039
0.427199   -0.0617374   0.0187157
0.0608399   -0.0916564   -0.0848953
-0.0709486   -0.141078   -0.402624
0.385519   0.414779   -0.00259503
0.2167   0.237834   -0.407253
-0.0798599   0.442708   0.197354
-0.0295403   -0.0438969   0.326187
0.365805   0.31101   0.0899259
0.403923   0.0679648   0.226504
0.479442   -0.038409   -0.300109
0.374527   0.381663   0.179832
-0.145642   0.477122   -0.329921
0.0181269   -0.0342179   0.390019
-0.0939093   0.0174035   0.472589
0.128257   -0.132321   0.0812607
0.232531   -0.497814   0.327616
-0.118609   -0.381533   0.10336
-0.156821   0.21855   -0.268614
0.00276075   -0.154332   -0.0666926
0.257699   -0.0125485   -0.454798
0.155686   -0.43739   -0.0410608
0.0701688   0.398353   -0.452574
0.298469   -0.0675411   0.415544
-0.417906   0.381767   -0.139683
-0.313851   -0.486696   -0.353469
0.131671   -0.180218   -0.182695
0.246722   0.251682   0.430224
-0.300326   -0.140545   -0.260912
0.236212   -0.248072   -0.266765
0.0364776   -0.249712   -0.198734
0.250202   -0.0227305   0.143256
-0.480128   -0.0827939   0.280029
-0.41693   0.339325   0.490938
-0.224295   0.307875   -0.44756
0.364295   0.391191   -0.28587
-0.0599308   0.182096   -0.350057
0.350439   0.110687   -0.216836
-0.0912743   -0.206694   -0.460873
0.380194   -0.0579304   0.304821
-0.144568   -0.467374   -0.22585
-0.326693   -0.0215032   0.0130937
0.0933597   0.0872451   0.24754
0.120064   -0.354617   0.301933
-0.322055   -0.253607   -0.34002
-0.141846   -0.299805   -0.0441704
0.291913   -0.108845   -0.240706
0.329403   -0.136514   0.352737
-0.11862   0.347842   0.190492
-0.190757   -0.248671   0.410648
-0.422056   -0.332246   -0.481344
0.450983   0.0415497   0.370472
-0.124848   -0.337801   -0.327697
-0.128346   -0.402389   0.430634
-0.408353   -0.436302   -0.103932
-0.338998   0.167732   0.310043
-0.445253   -0.0285476   -0.380655
-0.0280028   0.334231   0.382186
0.0937545   -0.363228   -0.431504
0.236504   -0.188932   0.134504
0.22224   -0.176476   0.429217
-0.267808   -0.0323845   -0.175199
-0.336632   0.464037   0.25061
-0.13413   -0.355987   0.187757
-0.158175   0.370819   -0.31026
-0.467321   0.19046   -0.429359
0.0471852   -0.0857288   -0.159519
-0.321194   0.252666   -0.1042
-0.104355   0.0410691   0.246673
-0.347271   -0.116249   -0.10771
0.0695936   0.13766   0.49508
-0.115476   0.161796   0.187874
-0.0522835   0.193918   -0.166804
0.423946   -0.479983   -0.0528816
-0.00234457   -0.488219   0.287473
0.134434   -0.155512   0.375344
0.413786   0.0246364   -0.145662
-0.355741   -0.270368   -0.251507
0.0590731   -0.446708   -0.26192
0.161939   0.0891033   -0.0301333
-0.435087   -0.185263   -0.29031
0.0994486   0.311214   0.205602
-0.470515   -0.225991   -0.423286
-0.159635   0.462981   -0.185851
-0.266685   0.0575551   0.0556944
-0.271316   -0.353296   -0.411245
-0.352467   -0.141827   0.410216
0.46036   -0.418176   0.224693
0.389744   -0.485596   0.355315
-0.083803   0.315405   -0.265051
-0.312894   -0.240094   -0.422499
-0.350318   0.499302   -0.0739058
0.358549   0.379763   0.341628
0.0423072   -0.325366   0.252761
-0.383404   -0.156796   0.319305
-0.38396   0.0363144   -0.493337
0.35921   -0.0802111   -0.169062
-0.0227185   -0.426388   0.0980242
0.0978069   0.410032   -0.369546
0.0299144   -0.0832995   0.019894
-0.157959   -0.460134   -0.1314
-0.402869   -0.0655049   -0.0189876
0.0226176   0.469495   0.401486
-0.491377   -0.389155   -0.121705
0.382982   -0.145538   0.275946
-0.215997   0.42518   -0.282465
-0.159694   0.26083   -0.0912572
