1.12978   0.860303   -0.177972
-0.0639507   2.57638   -1.90753
1.06225   0.801088   -0.989414
-1.20054   -0.153169   1.2182
0.00359636   2.71473   -0.673472
-2.28686   -0.629885   1.77691
-0.884581   -0.748377   1.2379
-0.975166   -0.732743   0.0133406
-0.807117   -2.38546   -1.0419
0.756164   -0.139203   0.772271
0.243054   0.919162   0.649049
-0.707   0.601166   2.41183
0.387045   0.617697   -0.157158
0.485545   0.183909   0.0920778
-1.19398   -0.564264   0.588279
-0.542255   2.43874   -1.25235
0.0187796   0.914786   -1.5576
0.842812   -2.36268   0.719086
-0.774491   0.338305   -0.855465
0.765979   -0.30844   -0.891405
-0.20889   -2.00706   0.111405
1.06133   -0.159721   -0.331951
3.02877   1.4527   1.88046
-0.316466   1.29368   -0.674455
-0.68691   0.581751   -0.257447
0.440989   -1.08029   0.194959
0.577079   0.441379   -0.787247
-2.75898   0.580537   -0.551942
-0.637669   0.939981   0.798202
0.35017   -0.736066   0.257711
0.257756   -0.337522   -0.642579
0.421839   -0.578967   0.715528
1.08654   -0.376429   0.462833
-0.802237   1.28934   -0.196712
0.287411   0.511522   -0.189852
-0.21045   0.406006   0.267058
1.69082   -0.519393   0.634927
1.04553   0.729886   0.502385
1.82593   -0.175224   -0.973141
-0.462382   -1.85395   -0.180048
0.607028   -2.12017   0.120054
-1.19883   -1.91653   -0.481446
1.00387   0.00582212   1.53182
-0.573091   0.869279   -0.544624
-1.15863   -0.0872291   -0.134356
2.14235   -0.34407   -0.773269
-0.72695   -1.71538   1.38584
0.952772   1.90346   -0.917788
1.19296   1.14248   -2.05643
0.818331   0.124128   -0.324144
-0.359343   0.976839   0.815
-1.25815   -0.0349467   1.20334
2.17172   1.69908   -0.554139
-0.969936   1.53671   1.70627
-1.35645   -0.614267   -0.751876
-0.177696   -0.671807   1.07171
0.0160743   1.26972   -0.579284
-0.054655   -1.2498   1.10556
-1.09684   1.0945   0.932955
-0.450319   -1.07625   -1.56112
1.59281   -2.01738   -0.747197
-1.55268   1.72837   0.388744
-1.11565   -0.570977   -2.18453
-0.0883416   -0.613268   1.30461
-0.173181   -0.557972   -1.72209
0.444203   -0.495701   0.376191
-2.28315   -1.17672   0.642814
0.0834332   0.735804   0.631621
1.62288   -1.63024   -2.0642
-2.53399   -1.49702   0.930975
2.12478   -0.340089   0.71353
1.65406   0.0659462   0.673746
1.03867   -1.13141   -1.64617
0.331234   -0.224995   1.19593
0.82133   -1.0011   0.641922
0.142968   -0.692588   0.0316148
1.27684   0.54249   -1.19559
-0.229702   0.290783   -1.96827
1.60473   -0.445206   -0.370235
-0.800554   -0.772017   -0.246528
1.19172   0.91922   1.72563
-1.42029   -0.339293   -0.67877
0.713286   1.8359   -0.570344
0.488151   -0.294878   -0.159559
1.2668   -0.420798   0.0889194
0.250131   1.51605   0.282846
0.481938   1.15914   -0.139709
-1.3641   -0.595259   0.302976
-0.0937995   1.55255   1.99964
-1.57953   -1.25103   1.5837
-0.945684   -1.54875   -0.336589
0.346231   -0.573997   -1.79571
0.0986085   0.245332   0.0324327
0.0593347   0.232644   -1.1053
-2.28952   -0.381565   0.844501
-0.0754445   0.848923   2.42269
0.507202   -0.0982347   0.178521
0.521907   0.530858   1.26009
-1.44678   0.584666   -0.294108
-0.960041   -0.938697   -1.74247
0.182598   -0.386818   0.949186
-1.21394   0.171125   -0.884668
0.0993081   -1.09036   -0.625987
0.270272   0.807768   -1.09192
-0.457934   -0.567615   -0.291057
0.479492   0.692213   0.305528
-0.388416   -1.14837   -1.20555
-0.455657   2.20679   1.34937
