0.0252082   -0.404806   -0.319772
-0.369469   0.373366   0.463159
-0.323501   0.230623   -0.0666154
0.401056   0.287755   0.266819
-0.0911792   0.279715   0.0541836
-0.470141   -0.316568   0.411118
-0.44152   -0.417838   -0.0621247
-0.0740139   -0.320836   0.33785
0.490329   0.401441   0.491845
0.0408403   -0.028747   -0.24356
0.194803   0.202541   0.498847
-0.472309   0.0881034   0.410213
0.281497   -0.0533044   0.0170631
0.286768   0.0301773   0.491785
-0.213542   0.391784   -0.252629
-0.0578119   0.401762   0.275168
-0.382677   0.262541   -0.212353
0.0763966   0.295732   0.145573
0.148005   0.482261   -0.00306288
0.20019   0.261191   -0.447937
0.310559   -0.3979   -0.39059
-0.227257   0.243703   -0.042927
-0.235137   0.14873   -0.128451
0.221004   0.407572   0.496329
-0.0274131   -0.304282   0.415068
0.280789   -0.478494   -0.0497934
-0.0989489   0.317191   0.366926
0.48047   0.125054   0.470838
0.43664   -0.281054   0.265723
0.331105   0.311683   -0.387155
-0.151537   -0.0513168   -0.235808
0.235357   -0.137094   0.150521
-0.363125   -0.404471   0.452347
-0.107918   -0.349681   -0.480234
-0.297563   0.411836   0.20004
0.423556   0.327776   0.0177649
-0.256497   0.317989   -0.00796206
0.317063   0.46266   0.293005
0.357729   0.123574   0.362434
-0.0154263   0.372843   0.0988043
-0.452436   0.184877   0.436229
-0.0815726   0.056584   -0.00770671
0.0962889   0.135437   0.29717
-0.157436   -0.0840149   0.462155
-0.443445   0.121127   -0.46869
0.0489013   -0.113183   -0.26562
0.10993   0.372986   0.389047
0.23989   -0.0603587   0.115154
0.0745751   0.232943   -0.161567
0.0557547   0.371127   0.497876
0.376923   -0.476067   -0.0531524
0.281154   0.190111   0.434191
0.0562   0.105964   -0.313008
0.416082   -0.279394   -0.236116
-0.361147   0.0890466   -0.397241
-0.189827   0.140117   -0.0544948
-0.325329   0.182724   -0.160267
-0.204061   0.0257423   0.445345
0.446924   0.275316   0.347588
-0.48425   -0.464836   -0.383557
-0.149585   0.215724   0.181985
0.238457   -0.0790391   0.364495
-0.0119852   0.0829298   -0.3793
-0.208561   0.351753   -0.364129
0.481741   0.276873   0.475932
-0.0121837   0.461329   0.142824
-0.344889   -0.240121   0.410496
0.320524   0.103025   -0.0216138
0.129028   -0.0701008   0.30699
-0.485116   0.404716   -0.0988273
-0.121034   0.488781   -0.351794
0.389938   -0.313975   -0.121301
0.382791   -0.217468   -0.039821
0.0332659   -0.392081   0.466838
-0.233668   0.489456   -0.349658
0.134541   -0.108106   0.481845
-0.192655   0.324336   0.434663
-0.0589411   0.134106   -0.0471152
0.0807606   -0.444343   -0.378538
-0.191036   -0.321262   0.362131
0.236904   -0.489806   0.452783
-0.171082   -0.242881   -0.279856
-0.114183   -0.0856155   0.141516
0.119948   0.000385215   0.138699
0.375344   -0.198445   0.250432
-0.235781   -0.481362   0.140492
0.462237   -0.103768   0.479919
-0.320954   -0.084128   -0.146409
-0.257631   0.0387228   -0.133029
0.101618   0.380735   0.0798738
-0.0330948   -0.0533953   -0.314146
-0.335147   -0.341006   0.354553
-0.356258   0.27197   0.37639
0.276141   -0.145895   -0.435967
0.15718   0.456355   0.160307
-0.382167   0.0693433   -0.176807
-0.068734   -0.418956   -0.243017
-0.291651   0.314288   0.416049
0.0569019   0.451178   0.38032
0.136496   -0.322899   -0.248671
-0.320007   0.0198342   0.152012
-0.457196   0.436178   0.306577
0.192264   0.246124   0.0669855
0.440035   0.309286   -0.0720326
-0.361102   -0.316704   0.444811
0.298699   0.0283437   0.386788
-0.22826   0.278733   -0.498089
-0.467444   0.217403   0.297759
