0.457551   0.33418   -1.45832
-0.555574   1.52187   -0.469111
0.115314   -0.226681   -0.699553
-0.131192   -0.667959   0.145324
-1.32907   -0.0853376   -1.07775
1.16094   -0.345056   0.768749
0.197038   -1.94175   -1.13959
-0.664563   -0.384799   1.33046
1.4044   0.705415   1.54748
-0.866392   -0.023548   0.853284
0.0403902   -0.225505   -0.639362
1.00414   -0.49671   1.02274
0.581686   -1.20592   -0.269332
0.161598   0.490229   -0.0148524
0.68622   1.0427   -1.28561
-0.505149   -0.652299   1.05415
0.799658   -0.336658   -1.87971
-0.398653   -1.12193   -1.25511
1.48871   0.690807   -0.0494878
0.754223   -0.123241   -0.953772
-0.902104   -0.262702   0.820269
-0.104379   0.762113   -1.4286
0.784521   0.148173   -0.593906
1.01588   2.27889   -0.00325267
-0.538298   -0.800887   -0.428469
1.55244   0.0753345   -1.96867
-0.932947   0.608288   -1.14561
-0.0256012   0.817161   1.10444
-1.69039   0.343966   0.194995
-0.35895   -0.45519   -0.0932256
0.538035   1.08009   2.08922
-1.06141   0.791602   -0.601337
-0.199238   -0.20543   -0.662184
-0.734269   0.171415   1.37346
-0.397239   -1.80212   0.502187
-0.689408   0.799835   -0.441266
-0.40018   1.04908   0.206578
-1.15322   -0.656552   -0.882681
0.520331   0.517585   0.68203
-0.505499   0.478547   -0.617511
-0.861855   0.613495   -0.949468
0.680124   0.308513   0.519624
-0.691351   0.0882394   -0.40737
0.275819   0.63096   0.325445
0.524755   -0.0526118   -0.796965
-0.862338   -2.00341   1.54851
-0.173475   -1.32704   0.360327
-0.426996   -0.126632   -1.9902
-0.0173053   -0.197802   0.211953
0.678434   0.47787   0.883887
-0.242083   0.317294   0.206887
-0.496566   1.11488   0.157199
1.27312   0.851134   0.420142
1.9898   0.101223   -0.843643
-2.14193   -1.05074   -1.06052
-0.0480449   -0.49182   -0.704119
0.752512   -1.06817   0.134881
-0.192136   -0.985502   1.63042
1.02519   0.355222   0.421972
-0.573185   0.00484295   -0.138127
0.0931896   -0.831046   -0.0216952
0.809197   1.12125   0.473075
-1.4158   -0.139953   -0.766327
-0.572494   -1.32401   2.13318
-1.01227   0.186878   -1.32231
1.00403   -0.407975   1.26557
0.42355   -0.393684   0.405399
-0.375384   0.891581   1.12352
-0.244284   -0.262354   0.104754
1.07922   -0.395389   1.04308
-2.30165   -0.327836   -0.0524697
-0.493047   0.336515   -0.296676
0.0769642   -1.09322   1.09034
-0.187482   0.137641   0.952478
1.90859   0.313823   0.998432
1.29668   1.6733   -0.0685966
0.24968   -0.966474   -0.908793
-0.785704   0.293789   1.03867
0.943154   -0.609818   -0.429376
-0.987411   0.0718711   0.428104
1.30836   0.193424   0.877048
-0.523941   0.330449   -0.74292
0.053825   -0.441308   -0.411598
0.493092   -1.45459   -1.05268
-0.589649   -0.0447652   0.481885
0.258086   -0.463041   -0.931301
0.193387   1.76167   0.607166
0.0821445   -2.12226   0.385137
-0.308954   -0.141271   -1.31956
-0.349835   1.00779   0.585975
-0.503113   -0.83469   1.30262
-1.06142   -0.306619   0.826652
-0.468878   -0.669713   -1.33335
0.587659   2.18328   0.328515
0.72295   0.859994   -0.135459
-0.315573   1.3176   -0.0036632
0.441722   0.654075   -1.38281
0.444243   -0.0202409   -0.139689
0.518791   0.800901   -0.387035
-0.368126   -0.838634   -1.01355
-0.548534   -1.17425   0.392453
0.702571   1.05961   0.609531
0.644412   0.32588   -0.368707
-0.141574   -0.297973   0.0195341
-0.100626   -0.922417   1.3928
0.609417   1.88479   0.0546165
0.150046   -1.30463   0.180058
-1.03104   0.135082   0.42007
